  lab4.cpp
F:\Cqh_files\2020CPP实验\lab4\lab4\lab4.cpp(147,17): warning C4477: “sprintf”: 格式字符串“%6ld”需要类型“long”的参数，但可变参数 1 拥有了类型“T”
          with
          [
              T=__int64
          ]
F:\Cqh_files\2020CPP实验\lab4\lab4\lab4.cpp(147,17): message : 请考虑在格式字符串中使用“%lld”
F:\Cqh_files\2020CPP实验\lab4\lab4\lab4.cpp(147,17): message : 请考虑在格式字符串中使用“%I64d”
F:\Cqh_files\2020CPP实验\lab4\lab4\lab4.cpp(142): message : 在编译 类 模板 成员函数“char *MAT<__int64>::print(char *) noexcept const”时
F:\Cqh_files\2020CPP实验\lab4\lab4\lab4.cpp(160): message : 查看对正在编译的 类 模板 实例化“MAT<__int64>”的引用
F:\Cqh_files\2020CPP实验\lab4\lab4\lab4.cpp(150,18): warning C4477: “sprintf”: 格式字符串“%8d”需要类型“int”的参数，但可变参数 1 拥有了类型“T”
          with
          [
              T=__int64
          ]
F:\Cqh_files\2020CPP实验\lab4\lab4\lab4.cpp(150,18): message : 请考虑在格式字符串中使用“%lld”
F:\Cqh_files\2020CPP实验\lab4\lab4\lab4.cpp(150,18): message : 请考虑在格式字符串中使用“%I64d”
F:\Cqh_files\2020CPP实验\lab4\lab4\lab4.cpp(107): warning C4715: “MAT<__int64>::operator=”: 不是所有的控件路径都返回值
F:\Cqh_files\2020CPP实验\lab4\lab4\lab4.cpp(107): warning C4715: “MAT<int>::operator=”: 不是所有的控件路径都返回值
  lab4.vcxproj -> F:\Cqh_files\2020CPP实验\lab4\lab4\Debug\lab4.exe
