
*** Running vivado
    with args -log dynamic_scan.vdi -applog -m64 -messageDb vivado.pb -mode batch -source dynamic_scan.tcl -notrace


****** Vivado v2015.2 (64-bit)
  **** SW Build 1266856 on Fri Jun 26 16:35:25 MDT 2015
  **** IP Build 1264090 on Wed Jun 24 14:22:01 MDT 2015
    ** Copyright 1986-2015 Xilinx, Inc. All Rights Reserved.

source dynamic_scan.tcl -notrace
Design is defaulting to srcset: sources_1
Design is defaulting to constrset: constrs_1
INFO: [Netlist 29-17] Analyzing 9 Unisim elements for replacement
INFO: [Netlist 29-28] Unisim Transformation completed in 0 CPU seconds
INFO: [Project 1-479] Netlist was created with Vivado 2015.2
INFO: [Device 21-403] Loading part xc7a100tcsg324-1
INFO: [Project 1-570] Preparing netlist for logic optimization
Parsing XDC File [F:/Cqh_files/2021verilog/upload/lab3/Nexys4DDR_Master3.xdc]
Finished Parsing XDC File [F:/Cqh_files/2021verilog/upload/lab3/Nexys4DDR_Master3.xdc]
INFO: [Opt 31-138] Pushed 0 inverter(s) to 0 load pin(s).
INFO: [Project 1-111] Unisim Transformation Summary:
No Unisim elements were transformed.

Command: opt_design
Attempting to get a license for feature 'Implementation' and/or device 'xc7a100t'
INFO: [Common 17-349] Got license for feature 'Implementation' and/or device 'xc7a100t'
Running DRC as a precondition to command opt_design

Starting DRC Task
INFO: [DRC 23-27] Running DRC with 2 threads
INFO: [Project 1-461] DRC finished with 0 Errors
INFO: [Project 1-462] Please refer to the DRC report (report_drc) for more information.

Time (s): cpu = 00:00:00 ; elapsed = 00:00:00.054 . Memory (MB): peak = 460.359 ; gain = 2.711
INFO: [Timing 38-35] Done setting XDC timing constraints.

Starting Logic Optimization Task

Phase 1 Retarget

INFO: [Opt 31-138] Pushed 0 inverter(s) to 0 load pin(s).
INFO: [Opt 31-49] Retargeted 0 cell(s).
Phase 1 Retarget | Checksum: 17111d0b4

Time (s): cpu = 00:00:00 ; elapsed = 00:00:00.014 . Memory (MB): peak = 928.543 ; gain = 0.000

Phase 2 Constant Propagation
INFO: [Opt 31-138] Pushed 0 inverter(s) to 0 load pin(s).
INFO: [Opt 31-10] Eliminated 0 cells.
Phase 2 Constant Propagation | Checksum: 17111d0b4

Time (s): cpu = 00:00:00 ; elapsed = 00:00:00.015 . Memory (MB): peak = 928.543 ; gain = 0.000

Phase 3 Sweep
INFO: [Opt 31-12] Eliminated 23 unconnected nets.
INFO: [Opt 31-11] Eliminated 0 unconnected cells.
Phase 3 Sweep | Checksum: 1f034866e

Time (s): cpu = 00:00:00 ; elapsed = 00:00:00.022 . Memory (MB): peak = 928.543 ; gain = 0.000

Starting Connectivity Check Task

Time (s): cpu = 00:00:00 ; elapsed = 00:00:00.001 . Memory (MB): peak = 928.543 ; gain = 0.000
Ending Logic Optimization Task | Checksum: 1f034866e

Time (s): cpu = 00:00:00 ; elapsed = 00:00:00.023 . Memory (MB): peak = 928.543 ; gain = 0.000
Implement Debug Cores | Checksum: 1bbd70ea5
Logic Optimization | Checksum: 1bbd70ea5

Starting Power Optimization Task
INFO: [Pwropt 34-132] Skipping clock gating for clocks with a period < 3.13 ns.
Ending Power Optimization Task | Checksum: 1f034866e

Time (s): cpu = 00:00:00 ; elapsed = 00:00:00.004 . Memory (MB): peak = 928.543 ; gain = 0.000
INFO: [Common 17-83] Releasing license: Implementation
20 Infos, 0 Warnings, 0 Critical Warnings and 0 Errors encountered.
opt_design completed successfully
opt_design: Time (s): cpu = 00:00:09 ; elapsed = 00:00:09 . Memory (MB): peak = 928.543 ; gain = 471.141
Writing placer database...
Writing XDEF routing.
Writing XDEF routing logical nets.
Writing XDEF routing special nets.
Write XDEF Complete: Time (s): cpu = 00:00:00 ; elapsed = 00:00:00.025 . Memory (MB): peak = 928.543 ; gain = 0.000
INFO: [DRC 23-27] Running DRC with 2 threads
INFO: [Coretcl 2-168] The results of DRC are in file F:/Cqh_files/2021verilog/upload/lab3/lab3_2/lab3_2.runs/impl_1/dynamic_scan_drc_opted.rpt.
INFO: [#UNDEF] Cannot write hardware definition file as there are no IPI block design hardware handoff files present
Command: place_design
Attempting to get a license for feature 'Implementation' and/or device 'xc7a100t'
INFO: [Common 17-349] Got license for feature 'Implementation' and/or device 'xc7a100t'
INFO: [DRC 23-27] Running DRC with 2 threads
INFO: [Vivado_Tcl 4-198] DRC finished with 0 Errors
INFO: [Vivado_Tcl 4-199] Please refer to the DRC report (report_drc) for more information.
Running DRC as a precondition to command place_design
INFO: [DRC 23-27] Running DRC with 2 threads
INFO: [Vivado_Tcl 4-198] DRC finished with 0 Errors
INFO: [Vivado_Tcl 4-199] Please refer to the DRC report (report_drc) for more information.

Starting Placer Task
INFO: [Place 30-611] Multithreading enabled for place_design using a maximum of 2 CPUs

Phase 1 Placer Runtime Estimator
Phase 1 Placer Runtime Estimator | Checksum: 179e6f362

Time (s): cpu = 00:00:00 ; elapsed = 00:00:00.014 . Memory (MB): peak = 928.543 ; gain = 0.000

Phase 2 Placer Initialization
Netlist sorting complete. Time (s): cpu = 00:00:00 ; elapsed = 00:00:00 . Memory (MB): peak = 928.543 ; gain = 0.000
Netlist sorting complete. Time (s): cpu = 00:00:00 ; elapsed = 00:00:00 . Memory (MB): peak = 928.543 ; gain = 0.000

Phase 2.1 IO Placement/ Clock Placement/ Build Placer Device

Phase 2.1.1 Pre-Place Cells
Phase 2.1.1 Pre-Place Cells | Checksum: f059b832

Time (s): cpu = 00:00:00 ; elapsed = 00:00:00.029 . Memory (MB): peak = 928.543 ; gain = 0.000
INFO: [Timing 38-35] Done setting XDC timing constraints.

Phase 2.1.2 IO & Clk Clean Up
Phase 2.1.2 IO & Clk Clean Up | Checksum: f059b832

Time (s): cpu = 00:00:01 ; elapsed = 00:00:00.769 . Memory (MB): peak = 943.164 ; gain = 14.621

Phase 2.1.3 Implementation Feasibility check On IDelay
Phase 2.1.3 Implementation Feasibility check On IDelay | Checksum: f059b832

Time (s): cpu = 00:00:01 ; elapsed = 00:00:00.770 . Memory (MB): peak = 943.164 ; gain = 14.621

Phase 2.1.4 Commit IO Placement
Phase 2.1.4 Commit IO Placement | Checksum: c64a84b4

Time (s): cpu = 00:00:01 ; elapsed = 00:00:00.770 . Memory (MB): peak = 943.164 ; gain = 14.621
Phase 2.1 IO Placement/ Clock Placement/ Build Placer Device | Checksum: 1c24c6d0e

Time (s): cpu = 00:00:01 ; elapsed = 00:00:00.771 . Memory (MB): peak = 943.164 ; gain = 14.621

Phase 2.2 Build Placer Netlist Model

Phase 2.2.1 Place Init Design
Phase 2.2.1 Place Init Design | Checksum: 1e1384609

Time (s): cpu = 00:00:01 ; elapsed = 00:00:00.779 . Memory (MB): peak = 943.164 ; gain = 14.621
Phase 2.2 Build Placer Netlist Model | Checksum: 1e1384609

Time (s): cpu = 00:00:01 ; elapsed = 00:00:00.779 . Memory (MB): peak = 943.164 ; gain = 14.621

Phase 2.3 Constrain Clocks/Macros

Phase 2.3.1 Constrain Global/Regional Clocks
Phase 2.3.1 Constrain Global/Regional Clocks | Checksum: 1e1384609

Time (s): cpu = 00:00:01 ; elapsed = 00:00:00.781 . Memory (MB): peak = 943.164 ; gain = 14.621
Phase 2.3 Constrain Clocks/Macros | Checksum: 1e1384609

Time (s): cpu = 00:00:01 ; elapsed = 00:00:00.781 . Memory (MB): peak = 943.164 ; gain = 14.621
Phase 2 Placer Initialization | Checksum: 1e1384609

Time (s): cpu = 00:00:01 ; elapsed = 00:00:00.782 . Memory (MB): peak = 943.164 ; gain = 14.621

Phase 3 Global Placement
Phase 3 Global Placement | Checksum: 26454c6c4

Time (s): cpu = 00:00:01 ; elapsed = 00:00:00.949 . Memory (MB): peak = 943.164 ; gain = 14.621

Phase 4 Detail Placement

Phase 4.1 Commit Multi Column Macros
Phase 4.1 Commit Multi Column Macros | Checksum: 26454c6c4

Time (s): cpu = 00:00:01 ; elapsed = 00:00:00.951 . Memory (MB): peak = 943.164 ; gain = 14.621

Phase 4.2 Commit Most Macros & LUTRAMs
Phase 4.2 Commit Most Macros & LUTRAMs | Checksum: 19e65a203

Time (s): cpu = 00:00:01 ; elapsed = 00:00:00.966 . Memory (MB): peak = 943.164 ; gain = 14.621

Phase 4.3 Area Swap Optimization
Phase 4.3 Area Swap Optimization | Checksum: 1aad2474d

Time (s): cpu = 00:00:01 ; elapsed = 00:00:00.971 . Memory (MB): peak = 943.164 ; gain = 14.621

Phase 4.4 Small Shape Detail Placement

Phase 4.4.1 Commit Small Macros & Core Logic

Phase 4.4.1.1 Commit Slice Clusters
Phase 4.4.1.1 Commit Slice Clusters | Checksum: 1b3705f2a

Time (s): cpu = 00:00:01 ; elapsed = 00:00:01 . Memory (MB): peak = 943.164 ; gain = 14.621
Phase 4.4.1 Commit Small Macros & Core Logic | Checksum: 1b3705f2a

Time (s): cpu = 00:00:01 ; elapsed = 00:00:01 . Memory (MB): peak = 943.164 ; gain = 14.621

Phase 4.4.2 Clock Restriction Legalization for Leaf Columns
Phase 4.4.2 Clock Restriction Legalization for Leaf Columns | Checksum: 1b3705f2a

Time (s): cpu = 00:00:01 ; elapsed = 00:00:01 . Memory (MB): peak = 943.164 ; gain = 14.621

Phase 4.4.3 Clock Restriction Legalization for Non-Clock Pins
Phase 4.4.3 Clock Restriction Legalization for Non-Clock Pins | Checksum: 1b3705f2a

Time (s): cpu = 00:00:01 ; elapsed = 00:00:01 . Memory (MB): peak = 943.164 ; gain = 14.621
Phase 4.4 Small Shape Detail Placement | Checksum: 1b3705f2a

Time (s): cpu = 00:00:01 ; elapsed = 00:00:01 . Memory (MB): peak = 943.164 ; gain = 14.621

Phase 4.5 Re-assign LUT pins
Phase 4.5 Re-assign LUT pins | Checksum: 1b3705f2a

Time (s): cpu = 00:00:01 ; elapsed = 00:00:01 . Memory (MB): peak = 943.164 ; gain = 14.621
Phase 4 Detail Placement | Checksum: 1b3705f2a

Time (s): cpu = 00:00:01 ; elapsed = 00:00:01 . Memory (MB): peak = 943.164 ; gain = 14.621

Phase 5 Post Placement Optimization and Clean-Up

Phase 5.1 PCOPT Shape updates
Phase 5.1 PCOPT Shape updates | Checksum: 1dd398e44

Time (s): cpu = 00:00:01 ; elapsed = 00:00:01 . Memory (MB): peak = 943.164 ; gain = 14.621

Phase 5.2 Post Commit Optimization
Phase 5.2 Post Commit Optimization | Checksum: 1dd398e44

Time (s): cpu = 00:00:01 ; elapsed = 00:00:01 . Memory (MB): peak = 943.164 ; gain = 14.621

Phase 5.3 Sweep Clock Roots: Post-Placement
Phase 5.3 Sweep Clock Roots: Post-Placement | Checksum: 1dd398e44

Time (s): cpu = 00:00:01 ; elapsed = 00:00:01 . Memory (MB): peak = 943.164 ; gain = 14.621

Phase 5.4 Post Placement Cleanup
Phase 5.4 Post Placement Cleanup | Checksum: 1dd398e44

Time (s): cpu = 00:00:01 ; elapsed = 00:00:01 . Memory (MB): peak = 943.164 ; gain = 14.621

Phase 5.5 Placer Reporting
Phase 5.5 Placer Reporting | Checksum: 1dd398e44

Time (s): cpu = 00:00:01 ; elapsed = 00:00:01 . Memory (MB): peak = 943.164 ; gain = 14.621

Phase 5.6 Final Placement Cleanup
Phase 5.6 Final Placement Cleanup | Checksum: 231cbcc5f

Time (s): cpu = 00:00:01 ; elapsed = 00:00:01 . Memory (MB): peak = 943.164 ; gain = 14.621
Phase 5 Post Placement Optimization and Clean-Up | Checksum: 231cbcc5f

Time (s): cpu = 00:00:01 ; elapsed = 00:00:01 . Memory (MB): peak = 943.164 ; gain = 14.621
Ending Placer Task | Checksum: 133dfe2fe

Time (s): cpu = 00:00:01 ; elapsed = 00:00:01 . Memory (MB): peak = 943.164 ; gain = 14.621
INFO: [Common 17-83] Releasing license: Implementation
33 Infos, 0 Warnings, 0 Critical Warnings and 0 Errors encountered.
place_design completed successfully
Writing placer database...
Writing XDEF routing.
Writing XDEF routing logical nets.
Writing XDEF routing special nets.
Write XDEF Complete: Time (s): cpu = 00:00:00 ; elapsed = 00:00:00.031 . Memory (MB): peak = 943.164 ; gain = 0.000
report_io: Time (s): cpu = 00:00:00 ; elapsed = 00:00:00.029 . Memory (MB): peak = 943.164 ; gain = 0.000
report_utilization: Time (s): cpu = 00:00:00 ; elapsed = 00:00:00.040 . Memory (MB): peak = 943.164 ; gain = 0.000
report_control_sets: Time (s): cpu = 00:00:00 ; elapsed = 00:00:00.002 . Memory (MB): peak = 943.164 ; gain = 0.000
Command: route_design
Attempting to get a license for feature 'Implementation' and/or device 'xc7a100t'
INFO: [Common 17-349] Got license for feature 'Implementation' and/or device 'xc7a100t'
Running DRC as a precondition to command route_design
INFO: [DRC 23-27] Running DRC with 2 threads
INFO: [Vivado_Tcl 4-198] DRC finished with 0 Errors
INFO: [Vivado_Tcl 4-199] Please refer to the DRC report (report_drc) for more information.


Starting Routing Task
INFO: [Route 35-254] Multithreading enabled for route_design using a maximum of 2 CPUs

Phase 1 Build RT Design
Phase 1 Build RT Design | Checksum: e5b44b0a

Time (s): cpu = 00:00:30 ; elapsed = 00:00:27 . Memory (MB): peak = 1064.891 ; gain = 121.727

Phase 2 Router Initialization
INFO: [Route 35-64] No timing constraints were detected. The router will operate in resource-optimization mode.

Phase 2.1 Pre Route Cleanup
Phase 2.1 Pre Route Cleanup | Checksum: e5b44b0a

Time (s): cpu = 00:00:30 ; elapsed = 00:00:27 . Memory (MB): peak = 1068.922 ; gain = 125.758
 Number of Nodes with overlaps = 0
Phase 2 Router Initialization | Checksum: c7d34a64

Time (s): cpu = 00:00:30 ; elapsed = 00:00:28 . Memory (MB): peak = 1073.105 ; gain = 129.941

Phase 3 Initial Routing
Phase 3 Initial Routing | Checksum: 1612e9c61

Time (s): cpu = 00:00:30 ; elapsed = 00:00:28 . Memory (MB): peak = 1073.105 ; gain = 129.941

Phase 4 Rip-up And Reroute

Phase 4.1 Global Iteration 0
 Number of Nodes with overlaps = 0
Phase 4.1 Global Iteration 0 | Checksum: 3ee548f8

Time (s): cpu = 00:00:30 ; elapsed = 00:00:28 . Memory (MB): peak = 1073.105 ; gain = 129.941
Phase 4 Rip-up And Reroute | Checksum: 3ee548f8

Time (s): cpu = 00:00:30 ; elapsed = 00:00:28 . Memory (MB): peak = 1073.105 ; gain = 129.941

Phase 5 Delay and Skew Optimization
Phase 5 Delay and Skew Optimization | Checksum: 3ee548f8

Time (s): cpu = 00:00:30 ; elapsed = 00:00:28 . Memory (MB): peak = 1073.105 ; gain = 129.941

Phase 6 Post Hold Fix
Phase 6 Post Hold Fix | Checksum: 3ee548f8

Time (s): cpu = 00:00:30 ; elapsed = 00:00:28 . Memory (MB): peak = 1073.105 ; gain = 129.941

Phase 7 Route finalize

Router Utilization Summary
  Global Vertical Routing Utilization    = 0.015015 %
  Global Horizontal Routing Utilization  = 0.00944871 %
  Routable Net Status*
  *Does not include unroutable nets such as driverless and loadless.
  Run report_route_status for detailed report.
  Number of Failed Nets               = 0
  Number of Unrouted Nets             = 0
  Number of Partially Routed Nets     = 0
  Number of Node Overlaps             = 0

Congestion Report
North Dir 1x1 Area, Max Cong = 23.4234%, No Congested Regions.
South Dir 1x1 Area, Max Cong = 19.8198%, No Congested Regions.
East Dir 1x1 Area, Max Cong = 17.6471%, No Congested Regions.
West Dir 1x1 Area, Max Cong = 17.6471%, No Congested Regions.
Phase 7 Route finalize | Checksum: 3ee548f8

Time (s): cpu = 00:00:30 ; elapsed = 00:00:28 . Memory (MB): peak = 1073.105 ; gain = 129.941

Phase 8 Verifying routed nets

 Verification completed successfully
Phase 8 Verifying routed nets | Checksum: 3ee548f8

Time (s): cpu = 00:00:30 ; elapsed = 00:00:28 . Memory (MB): peak = 1073.590 ; gain = 130.426

Phase 9 Depositing Routes
Phase 9 Depositing Routes | Checksum: a64768e4

Time (s): cpu = 00:00:30 ; elapsed = 00:00:28 . Memory (MB): peak = 1073.590 ; gain = 130.426
INFO: [Route 35-16] Router Completed Successfully

Time (s): cpu = 00:00:30 ; elapsed = 00:00:28 . Memory (MB): peak = 1073.590 ; gain = 130.426

Routing Is Done.
INFO: [Common 17-83] Releasing license: Implementation
41 Infos, 0 Warnings, 0 Critical Warnings and 0 Errors encountered.
route_design completed successfully
route_design: Time (s): cpu = 00:00:31 ; elapsed = 00:00:28 . Memory (MB): peak = 1073.590 ; gain = 130.426
Writing placer database...
Writing XDEF routing.
Writing XDEF routing logical nets.
Writing XDEF routing special nets.
Write XDEF Complete: Time (s): cpu = 00:00:01 ; elapsed = 00:00:00.032 . Memory (MB): peak = 1073.590 ; gain = 0.000
INFO: [DRC 23-27] Running DRC with 2 threads
INFO: [Coretcl 2-168] The results of DRC are in file F:/Cqh_files/2021verilog/upload/lab3/lab3_2/lab3_2.runs/impl_1/dynamic_scan_drc_routed.rpt.
INFO: [Timing 38-91] UpdateTimingParams: Speed grade: -1, Delay Type: min_max.
INFO: [Timing 38-191] Multithreading enabled for timing update using a maximum of 2 CPUs
WARNING: [Timing 38-313] There are no user specified timing constraints. Timing constraints are needed for proper timing analysis.
WARNING: [Power 33-232] No user defined clocks were found in the design!
Resolution: Please specify clocks using create_clock/create_generated_clock for sequential elements. For pure combinatorial circuits, please specify a virtual clock, otherwise the vectorless estimation might be inaccurate
Running Vector-less Activity Propagation...

Finished Running Vector-less Activity Propagation
Attempting to get a license for feature 'Implementation' and/or device 'xc7a100t'
INFO: [Common 17-349] Got license for feature 'Implementation' and/or device 'xc7a100t'
Running DRC as a precondition to command write_bitstream
INFO: [DRC 23-27] Running DRC with 2 threads
WARNING: [DRC 23-20] Rule violation (CFGBVS-1) Missing CFGBVS and CONFIG_VOLTAGE Design Properties - Neither the CFGBVS nor CONFIG_VOLTAGE voltage property is set in the current_design.  Configuration bank voltage select (CFGBVS) must be set to VCCO or GND, and CONFIG_VOLTAGE must be set to the correct configuration voltage, in order to determine the I/O voltage support for the pins in bank 0.  It is suggested to specify these either using the 'Edit Device Properties' function in the GUI or directly in the XDC file using the following syntax:

 set_property CFGBVS value1 [current_design]
 #where value1 is either VCCO or GND

 set_property CONFIG_VOLTAGE value2 [current_design]
 #where value2 is the voltage provided to configuration bank 0

Refer to the device configuration user guide for more information.
INFO: [Vivado 12-3199] DRC finished with 0 Errors, 1 Warnings
INFO: [Vivado 12-3200] Please refer to the DRC report (report_drc) for more information.
Loading data files...
Loading site data...
Loading route data...
Processing options...
Creating bitmap...
Creating bitstream...
Writing bitstream ./dynamic_scan.bit...
INFO: [Vivado 12-1842] Bitgen Completed Successfully.
INFO: [Common 17-83] Releasing license: Implementation
write_bitstream: Time (s): cpu = 00:00:20 ; elapsed = 00:00:19 . Memory (MB): peak = 1423.184 ; gain = 325.059
INFO: [Vivado_Tcl 4-395] Unable to parse hwdef file dynamic_scan.hwdef
INFO: [Common 17-206] Exiting Vivado at Thu Apr 29 20:25:29 2021...
